colorPickerView/build/intermediates/manifest_merge_blame_file/debug/manifest-merger-blame-debug-report.txt
1<?xml version="1.0" encoding="utf-8"?>
2<!--
3 Copyright (C) 2010 Daniel Nilsson
4
5     Licensed under the Apache License, Version 2.0 (the "License");
6     you may not use this file except in compliance with the License.
7     You may obtain a copy of the License at
8  
9          http://www.apache.org/licenses/LICENSE-2.0
10  
11     Unless required by applicable law or agreed to in writing, software
12     distributed under the License is distributed on an "AS IS" BASIS,
13     WITHOUT WARRANTIES OR CONDITIONS OF ANY KIND, either express or implied.
14     See the License for the specific language governing permissions and
15     limitations under the License.
16-->
17<manifest xmlns:android="http://schemas.android.com/apk/res/android"
18    package="afzkl.development.colorpickerview"
19    android:versionCode="1"
20    android:versionName="1.0" >
21    <!--
22    <application android:icon="@drawable/icon" android:label="@string/app_name">
23        <activity android:name="afzkl.development.ColorPickerView.activity.Main"
24                  android:label="@string/app_name">
25            <intent-filter>
26                <action android:name="android.intent.action.MAIN" />
27                <category android:name="android.intent.category.LAUNCHER" />
28            </intent-filter>
29        </activity>
30        
31      	<activity android:name="afzkl.development.ColorPickerView.activity.ColorPickerActivity" 
32      			android:label="@string/app_name" 
33      			android:screenOrientation="portrait"/>
34        
35    </application>
36    -->
37    <uses-sdk
38        android:minSdkVersion="4"
38-->src\main\AndroidManifest.xml
39        android:targetSdkVersion="27" />
39-->src\main\AndroidManifest.xml
40
41</manifest>